# JRE version: OpenJDK Runtime Environment (21.0.6) (build 21.0.6+-13368085-b895.109)
# Java VM: OpenJDK 64-Bit Server VM (21.0.6+-13368085-b895.109, mixed mode, tiered, compressed oops, compressed class ptrs, g1 gc, windows-amd64)
GC Precious Log:
 CardTable entry size: 512
 Card Set container configuration: InlinePtr #cards 5 size 8 Array Of Cards #cards 12 size 40 Howl #buckets 4 coarsen threshold 1843 Howl Bitmap #cards 512 size 80 coarsen threshold 460 Card regions per heap region 1 cards per card region 2048
 CPUs: 8 total, 8 available
 Memory: 7975M
 Large Page Support: Disabled
 NUMA Support: Disabled
 Compressed Oops: Enabled (32-bit)
 Heap Region Size: 1M
 Heap Min Capacity: 8M
 Heap Initial Capacity: 126M
 Heap Max Capacity: 2G
 Pre-touch: Disabled
 Parallel Workers: 8
 Concurrent Workers: 2
 Concurrent Refinement Workers: 8
 Periodic GC: Disabled
Heap:
 garbage-first heap   total 148480K, used 94419K [0x0000000080000000, 0x0000000100000000)
  region size 1024K, 6 young (6144K), 4 survivors (4096K)
 Metaspace       used 102508K, committed 104704K, reserved 1179648K
  class space    used 14136K, committed 15232K, reserved 1048576K
GC Heap History (20 events):
Event: 15.921 GC heap before
{Heap before GC invocations=25 (full 0):
 garbage-first heap   total 115712K, used 104841K [0x0000000080000000, 0x0000000100000000)
  region size 1024K, 36 young (36864K), 2 survivors (2048K)
 Metaspace       used 83544K, committed 85504K, reserved 1179648K
  class space    used 11237K, committed 12224K, reserved 1048576K
}
Event: 15.924 GC heap after
{Heap after GC invocations=26 (full 0):
 garbage-first heap   total 115712K, used 73497K [0x0000000080000000, 0x0000000100000000)
  region size 1024K, 5 young (5120K), 5 survivors (5120K)
 Metaspace       used 83544K, committed 85504K, reserved 1179648K
  class space    used 11237K, committed 12224K, reserved 1048576K
}
Event: 16.479 GC heap before
{Heap before GC invocations=27 (full 0):
 garbage-first heap   total 122880K, used 105241K [0x0000000080000000, 0x0000000100000000)
  region size 1024K, 35 young (35840K), 5 survivors (5120K)
 Metaspace       used 85737K, committed 87680K, reserved 1179648K
  class space    used 11543K, committed 12544K, reserved 1048576K
}
Event: 16.483 GC heap after
{Heap after GC invocations=28 (full 0):
 garbage-first heap   total 122880K, used 75097K [0x0000000080000000, 0x0000000100000000)
  region size 1024K, 2 young (2048K), 2 survivors (2048K)
 Metaspace       used 85737K, committed 87680K, reserved 1179648K
  class space    used 11543K, committed 12544K, reserved 1048576K
}
Event: 17.180 GC heap before
{Heap before GC invocations=28 (full 0):
 garbage-first heap   total 122880K, used 111961K [0x0000000080000000, 0x0000000100000000)
  region size 1024K, 38 young (38912K), 2 survivors (2048K)
 Metaspace       used 88878K, committed 90880K, reserved 1179648K
  class space    used 12123K, committed 13120K, reserved 1048576K
}
Event: 17.183 GC heap after
{Heap after GC invocations=29 (full 0):
 garbage-first heap   total 122880K, used 75004K [0x0000000080000000, 0x0000000100000000)
  region size 1024K, 3 young (3072K), 3 survivors (3072K)
 Metaspace       used 88878K, committed 90880K, reserved 1179648K
  class space    used 12123K, committed 13120K, reserved 1048576K
}
Event: 17.958 GC heap before
{Heap before GC invocations=29 (full 0):
 garbage-first heap   total 122880K, used 112892K [0x0000000080000000, 0x0000000100000000)
  region size 1024K, 40 young (40960K), 3 survivors (3072K)
 Metaspace       used 92045K, committed 94016K, reserved 1179648K
  class space    used 12586K, committed 13568K, reserved 1048576K
}
Event: 17.963 GC heap after
{Heap after GC invocations=30 (full 0):
 garbage-first heap   total 147456K, used 77017K [0x0000000080000000, 0x0000000100000000)
  region size 1024K, 5 young (5120K), 5 survivors (5120K)
 Metaspace       used 92045K, committed 94016K, reserved 1179648K
  class space    used 12586K, committed 13568K, reserved 1048576K
}
Event: 19.094 GC heap before
{Heap before GC invocations=31 (full 0):
 garbage-first heap   total 147456K, used 131289K [0x0000000080000000, 0x0000000100000000)
  region size 1024K, 58 young (59392K), 5 survivors (5120K)
 Metaspace       used 96098K, committed 98176K, reserved 1179648K
  class space    used 13251K, committed 14272K, reserved 1048576K
}
Event: 19.100 GC heap after
{Heap after GC invocations=32 (full 0):
 garbage-first heap   total 147456K, used 79783K [0x0000000080000000, 0x0000000100000000)
  region size 1024K, 7 young (7168K), 7 survivors (7168K)
 Metaspace       used 96098K, committed 98176K, reserved 1179648K
  class space    used 13251K, committed 14272K, reserved 1048576K
}
Event: 20.946 GC heap before
{Heap before GC invocations=32 (full 0):
 garbage-first heap   total 147456K, used 130983K [0x0000000080000000, 0x0000000100000000)
  region size 1024K, 57 young (58368K), 7 survivors (7168K)
 Metaspace       used 100496K, committed 102656K, reserved 1179648K
  class space    used 13841K, committed 14912K, reserved 1048576K
}
Event: 20.954 GC heap after
{Heap after GC invocations=33 (full 0):
 garbage-first heap   total 147456K, used 82691K [0x0000000080000000, 0x0000000100000000)
  region size 1024K, 7 young (7168K), 7 survivors (7168K)
 Metaspace       used 100496K, committed 102656K, reserved 1179648K
  class space    used 13841K, committed 14912K, reserved 1048576K
}
Event: 22.169 GC heap before
{Heap before GC invocations=33 (full 0):
 garbage-first heap   total 147456K, used 129795K [0x0000000080000000, 0x0000000100000000)
  region size 1024K, 54 young (55296K), 7 survivors (7168K)
 Metaspace       used 102161K, committed 104320K, reserved 1179648K
  class space    used 14091K, committed 15168K, reserved 1048576K
}
Event: 22.179 GC heap after
{Heap after GC invocations=34 (full 0):
 garbage-first heap   total 147456K, used 88727K [0x0000000080000000, 0x0000000100000000)
  region size 1024K, 6 young (6144K), 6 survivors (6144K)
 Metaspace       used 102161K, committed 104320K, reserved 1179648K
  class space    used 14091K, committed 15168K, reserved 1048576K
}
Event: 22.822 GC heap before
{Heap before GC invocations=35 (full 0):
 garbage-first heap   total 148480K, used 132759K [0x0000000080000000, 0x0000000100000000)
  region size 1024K, 49 young (50176K), 6 survivors (6144K)
 Metaspace       used 102164K, committed 104320K, reserved 1179648K
  class space    used 14091K, committed 15168K, reserved 1048576K
}
Event: 22.827 GC heap after
{Heap after GC invocations=36 (full 0):
 garbage-first heap   total 148480K, used 90042K [0x0000000080000000, 0x0000000100000000)
  region size 1024K, 4 young (4096K), 4 survivors (4096K)
 Metaspace       used 102164K, committed 104320K, reserved 1179648K
  class space    used 14091K, committed 15168K, reserved 1048576K
}
Event: 23.903 GC heap before
{Heap before GC invocations=36 (full 0):
 garbage-first heap   total 148480K, used 134074K [0x0000000080000000, 0x0000000100000000)
  region size 1024K, 48 young (49152K), 4 survivors (4096K)
 Metaspace       used 102497K, committed 104704K, reserved 1179648K
  class space    used 14136K, committed 15232K, reserved 1048576K
}
Event: 23.910 GC heap after
{Heap after GC invocations=37 (full 0):
 garbage-first heap   total 148480K, used 91605K [0x0000000080000000, 0x0000000100000000)
  region size 1024K, 6 young (6144K), 6 survivors (6144K)
 Metaspace       used 102497K, committed 104704K, reserved 1179648K
  class space    used 14136K, committed 15232K, reserved 1048576K
}
Event: 25.102 GC heap before
{Heap before GC invocations=37 (full 0):
 garbage-first heap   total 148480K, used 131541K [0x0000000080000000, 0x0000000100000000)
  region size 1024K, 46 young (47104K), 6 survivors (6144K)
 Metaspace       used 102508K, committed 104704K, reserved 1179648K
  class space    used 14136K, committed 15232K, reserved 1048576K
}
Event: 25.106 GC heap after
{Heap after GC invocations=38 (full 0):
 garbage-first heap   total 148480K, used 93395K [0x0000000080000000, 0x0000000100000000)
  region size 1024K, 4 young (4096K), 4 survivors (4096K)
 Metaspace       used 102508K, committed 104704K, reserved 1179648K
  class space    used 14136K, committed 15232K, reserved 1048576K
}

